Build started 4/13/2012 12:08:13 AM.
     1>Project "D:\P R O G R A M M I N G\PROJECTS\C++ Projects\My Games\Snack v2.0\Snack v2.0\Snack v2.0.vcxproj" on node 2 (build target(s)).
     1>InitializeBuildStatus:
         Creating "Release\Snack v2.0.unsuccessfulbuild" because "AlwaysCreate" was specified.
       ClCompile:
         C:\Program Files\Microsoft Visual Studio 10.0\VC\bin\CL.exe /c /Zi /nologo /W3 /WX- /O2 /Oi /Oy- /GL /D WIN32 /D NDEBUG /D _WINDOWS /D _UNICODE /D UNICODE /Gm- /EHsc /MD /GS /Gy /fp:precise /Zc:wchar_t /Zc:forScope /Fo"Release\\" /Fd"Release\vc100.pdb" /Gd /TP /analyze- /errorReport:prompt Snack_App.cpp
         Snack_App.cpp
       Link:
         C:\Program Files\Microsoft Visual Studio 10.0\VC\bin\link.exe /ERRORREPORT:PROMPT /OUT:"D:\P R O G R A M M I N G\PROJECTS\C++ Projects\My Games\Snack v2.0\Release\Snack v2.0.exe" /INCREMENTAL:NO /NOLOGO kernel32.lib user32.lib gdi32.lib winspool.lib comdlg32.lib advapi32.lib shell32.lib ole32.lib oleaut32.lib uuid.lib odbc32.lib odbccp32.lib /MANIFEST /ManifestFile:"Release\Snack v2.0.exe.intermediate.manifest" /MANIFESTUAC:"level='asInvoker' uiAccess='false'" /DEBUG /PDB:"D:\P R O G R A M M I N G\PROJECTS\C++ Projects\My Games\Snack v2.0\Release\Snack v2.0.pdb" /SUBSYSTEM:WINDOWS /OPT:REF /OPT:ICF /LTCG /TLBID:1 /DYNAMICBASE /NXCOMPAT /IMPLIB:"D:\P R O G R A M M I N G\PROJECTS\C++ Projects\My Games\Snack v2.0\Release\Snack v2.0.lib" /MACHINE:X86 Release\Class.obj
         Release\Snack_App.obj
         Generating code
         Finished generating code
         Snack v2.0.vcxproj -> D:\P R O G R A M M I N G\PROJECTS\C++ Projects\My Games\Snack v2.0\Release\Snack v2.0.exe
       Manifest:
         C:\Program Files\Microsoft SDKs\Windows\v7.0A\bin\mt.exe /nologo /verbose /outputresource:"D:\P R O G R A M M I N G\PROJECTS\C++ Projects\My Games\Snack v2.0\Release\Snack v2.0.exe;#1" /manifest "Release\Snack v2.0.exe.intermediate.manifest"
       FinalizeBuildStatus:
         Deleting file "Release\Snack v2.0.unsuccessfulbuild".
         Touching "Release\Snack v2.0.lastbuildstate".
     1>Done Building Project "D:\P R O G R A M M I N G\PROJECTS\C++ Projects\My Games\Snack v2.0\Snack v2.0\Snack v2.0.vcxproj" (build target(s)).

Build succeeded.

Time Elapsed 00:00:02.17
